<?xml version="1.0" encoding="UTF-8"?>
<!-- Generated by org.testng.reporters.JUnitReportReporter -->
<testsuite hostname="WINDOWS-S7QAABN" failures="0" tests="2" name="CrossBrowser.Crossbrowser" time="0.076" errors="0" timestamp="2022-10-05T18:48:58 IST" skipped="0">
  <testcase classname="CrossBrowser.Crossbrowser" name="login" time="0.035"/>
  <system-out/>
  <testcase classname="CrossBrowser.Crossbrowser" name="login" time="0.041"/>
  <system-out/>
</testsuite> <!-- CrossBrowser.Crossbrowser -->
